ERROR] Failed to execute goal org.apache.maven.plugins:maven-compiler-plugin:3.8.0:compile (default-compile) on project commons-math: Compilation failure
[ERROR] /home/khaes/phd/projects/explanation/code/tmp/didiffff/didiffff/sample/patch4-Math-41-Cardumen/src/main/java/org/apache/commons/math/stat/descriptive/moment/Variance.java:[260,17] cannot find symbol
[ERROR]   symbol:   variable mean
[ERROR]   location: class org.apache.commons.math.stat.descriptive.moment.Variance
[ERROR] 
[ERROR] -> [Help 1]
[ERROR] 
[ERROR] To see the full stack trace of the errors, re-run Maven with the -e switch.
[ERROR] Re-run Maven using the -X switch to enable full debug logging.
[ERROR] 
[ERROR] For more information about the errors and possible solutions, please read the following articles:
[ERROR] [Help 1] http://cwiki.apache.org/confluence/display/MAVEN/MojoFailureException
